<?xml version="1.0" encoding="UTF-8"?>
<!-- Generated by org.testng.reporters.JUnitXMLReporter -->
<testsuite hostname="DESKTOP-NVM39PS" ignored="0" name="epautotest" tests="1" failures="1" timestamp="19 六月 2019 09:54:03 GMT" time="0.265" errors="0">
  <testcase name="testSetDataTable" time="0.243" classname="db.mysql.DataTableTest">
    <failure type="java.lang.IndexOutOfBoundsException" message="Index: 0, Size: 0">
      <![CDATA[java.lang.IndexOutOfBoundsException: Index: 0, Size: 0
at java.util.ArrayList.rangeCheck(ArrayList.java:657)
at java.util.ArrayList.get(ArrayList.java:433)
at db.mysql.DataTable.setDataTable(DataTable.java:33)
at db.mysql.DBManager.getResultData(DBManager.java:71)
at db.mysql.DataTableTest.testSetDataTable(DataTableTest.java:29)
... Removed 24 stack frames]]>
    </failure>
  </testcase> <!-- testSetDataTable -->
</testsuite> <!-- epautotest -->
