<?xml version="1.0" encoding="UTF-8"?>
<!-- Generated by org.testng.reporters.JUnitXMLReporter -->
<testsuite hostname="DESKTOP-NVM39PS" ignored="0" name="epautotest" tests="1" failures="1" timestamp="18 六月 2019 11:41:04 GMT" time="1.893" errors="0">
  <testcase name="apiTestCase" time="1.859" classname="com.eports.test.TestDemo">
    <failure type="java.lang.ClassCastException" message="java.lang.String cannot be cast to java.lang.Integer">
      <![CDATA[java.lang.ClassCastException: java.lang.String cannot be cast to java.lang.Integer
at utils.AssertJSON.jsonPathAsInteger(AssertJSON.java:49)
at com.eports.test.TestDemo.apiTestCase(TestDemo.java:83)
... Removed 24 stack frames]]>
    </failure>
  </testcase> <!-- apiTestCase -->
</testsuite> <!-- epautotest -->
