<?xml version="1.0" encoding="UTF-8"?>
<testng-results skipped="0" failed="0" ignored="0" total="1" passed="1">
  <reporter-output>
  </reporter-output>
  <suite name="Default Suite" duration-ms="1546" started-at="2019-06-20T08:40:05Z" finished-at="2019-06-20T08:40:06Z">
    <groups>
    </groups>
    <test name="epautotest" duration-ms="1546" started-at="2019-06-20T08:40:05Z" finished-at="2019-06-20T08:40:06Z">
      <class name="com.eports.test.TestDemo">
        <test-method status="PASS" signature="apiTestCase()[pri:0, instance:com.eports.test.TestDemo@49fc609f]" name="apiTestCase" duration-ms="1532" started-at="2019-06-20T08:40:05Z" finished-at="2019-06-20T08:40:06Z">
          <reporter-output>
          </reporter-output>
        </test-method> <!-- apiTestCase -->
      </class> <!-- com.eports.test.TestDemo -->
    </test> <!-- epautotest -->
  </suite> <!-- Default Suite -->
</testng-results>
