<?xml version="1.0" encoding="UTF-8"?>
<testng-results skipped="0" failed="1" ignored="0" total="1" passed="0">
  <reporter-output>
  </reporter-output>
  <suite name="Default Suite" duration-ms="1893" started-at="2019-06-18T11:41:02Z" finished-at="2019-06-18T11:41:04Z">
    <groups>
    </groups>
    <test name="epautotest" duration-ms="1893" started-at="2019-06-18T11:41:02Z" finished-at="2019-06-18T11:41:04Z">
      <class name="com.eports.test.TestDemo">
        <test-method status="FAIL" signature="apiTestCase()[pri:0, instance:com.eports.test.TestDemo@6ebc05a6]" name="apiTestCase" duration-ms="1859" started-at="2019-06-18T11:41:02Z" finished-at="2019-06-18T11:41:04Z">
          <exception class="java.lang.ClassCastException">
            <message>
              <![CDATA[java.lang.String cannot be cast to java.lang.Integer]]>
            </message>
            <full-stacktrace>
              <![CDATA[java.lang.ClassCastException: java.lang.String cannot be cast to java.lang.Integer
at utils.AssertJSON.jsonPathAsInteger(AssertJSON.java:49)
at com.eports.test.TestDemo.apiTestCase(TestDemo.java:83)
at sun.reflect.NativeMethodAccessorImpl.invoke0(Native Method)
at sun.reflect.NativeMethodAccessorImpl.invoke(NativeMethodAccessorImpl.java:62)
at sun.reflect.DelegatingMethodAccessorImpl.invoke(DelegatingMethodAccessorImpl.java:43)
at java.lang.reflect.Method.invoke(Method.java:498)
at org.testng.internal.MethodInvocationHelper.invokeMethod(MethodInvocationHelper.java:124)
at org.testng.internal.Invoker.invokeMethod(Invoker.java:583)
at org.testng.internal.Invoker.invokeTestMethod(Invoker.java:719)
at org.testng.internal.Invoker.invokeTestMethods(Invoker.java:989)
at org.testng.internal.TestMethodWorker.invokeTestMethods(TestMethodWorker.java:125)
at org.testng.internal.TestMethodWorker.run(TestMethodWorker.java:109)
at org.testng.TestRunner.privateRun(TestRunner.java:648)
at org.testng.TestRunner.run(TestRunner.java:505)
at org.testng.SuiteRunner.runTest(SuiteRunner.java:455)
at org.testng.SuiteRunner.runSequentially(SuiteRunner.java:450)
at org.testng.SuiteRunner.privateRun(SuiteRunner.java:415)
at org.testng.SuiteRunner.run(SuiteRunner.java:364)
at org.testng.SuiteRunnerWorker.runSuite(SuiteRunnerWorker.java:52)
at org.testng.SuiteRunnerWorker.run(SuiteRunnerWorker.java:84)
at org.testng.TestNG.runSuitesSequentially(TestNG.java:1208)
at org.testng.TestNG.runSuitesLocally(TestNG.java:1137)
at org.testng.TestNG.runSuites(TestNG.java:1049)
at org.testng.TestNG.run(TestNG.java:1017)
at org.testng.IDEARemoteTestNG.run(IDEARemoteTestNG.java:73)
at org.testng.RemoteTestNGStarter.main(RemoteTestNGStarter.java:123)
]]>
            </full-stacktrace>
          </exception> <!-- java.lang.ClassCastException -->
          <reporter-output>
          </reporter-output>
        </test-method> <!-- apiTestCase -->
      </class> <!-- com.eports.test.TestDemo -->
    </test> <!-- epautotest -->
  </suite> <!-- Default Suite -->
</testng-results>
